<?xml version="1.0" encoding="UTF-8"?>
<!-- Generated by org.testng.reporters.JUnitReportReporter -->
<testsuite hostname="DESKTOP-U5U852D" failures="0" tests="1" name="com.saucelab.qa.testcases.CompanyTest" time="19.774" errors="0" timestamp="2022-01-04T12:05:29 IST" skipped="0">
  <testcase classname="com.saucelab.qa.testcases.CompanyTest" name="carriers" time="19.774"/>
  <system-out/>
</testsuite> <!-- com.saucelab.qa.testcases.CompanyTest -->
