<?xml version="1.0" encoding="UTF-8"?>
<!-- Generated by org.testng.reporters.JUnitReportReporter -->
<testsuite hostname="DESKTOP-U5U852D" failures="0" tests="1" name="com.saucelab.qa.testcases.MyAccountTest" time="17.110" errors="0" timestamp="2021-12-20T12:16:50 IST" skipped="0">
  <testcase classname="com.saucelab.qa.testcases.MyAccountTest" name="setUp" time="17.110"/>
  <system-out/>
</testsuite> <!-- com.saucelab.qa.testcases.MyAccountTest -->
