<?xml version="1.0" encoding="UTF-8"?>
<!-- Generated by org.testng.reporters.JUnitReportReporter -->
<testsuite hostname="DESKTOP-U5U852D" failures="0" tests="1" name="com.saucelab.qa.testcases.MobileBetaTestingTest" time="19.798" errors="0" timestamp="2022-01-05T11:01:53 IST" skipped="0">
  <testcase classname="com.saucelab.qa.testcases.MobileBetaTestingTest" name="carriers" time="19.798"/>
  <system-out/>
</testsuite> <!-- com.saucelab.qa.testcases.MobileBetaTestingTest -->
