<?xml version="1.0" encoding="UTF-8"?>
<!-- Generated by org.testng.reporters.JUnitReportReporter -->
<testsuite hostname="DESKTOP-U5U852D" failures="0" tests="1" name="com.saucelab.qa.testcases.ContactTest" time="32.083" errors="0" timestamp="2021-12-30T16:12:54 IST" skipped="0">
  <testcase classname="com.saucelab.qa.testcases.ContactTest" name="sales" time="32.083"/>
  <system-out/>
</testsuite> <!-- com.saucelab.qa.testcases.ContactTest -->
