<?xml version="1.0" encoding="UTF-8"?>
<!-- Generated by org.testng.reporters.JUnitReportReporter -->
<testsuite hostname="DESKTOP-U5U852D" failures="0" tests="1" name="com.saucelab.qa.testcases.SignInTest" time="18.580" errors="0" timestamp="2021-12-30T15:17:37 IST" skipped="0">
  <testcase classname="com.saucelab.qa.testcases.SignInTest" name="signIn" time="18.580"/>
  <system-out/>
</testsuite> <!-- com.saucelab.qa.testcases.SignInTest -->
