<?xml version="1.0" encoding="UTF-8"?>
<!-- Generated by org.testng.reporters.JUnitReportReporter -->
<testsuite hostname="DESKTOP-U5U852D" failures="0" tests="6" name="com.saucelab.qa.testcases.SolutionsTest" time="130.281" errors="0" timestamp="2022-01-10T18:45:58 IST" skipped="0">
  <testcase classname="com.saucelab.qa.testcases.SolutionsTest" name="continuousTesting" time="24.218"/>
  <system-out/>
  <testcase classname="com.saucelab.qa.testcases.SolutionsTest" name="solutions" time="20.659"/>
  <system-out/>
  <testcase classname="com.saucelab.qa.testcases.SolutionsTest" name="startups" time="21.621"/>
  <system-out/>
  <testcase classname="com.saucelab.qa.testcases.SolutionsTest" name="openSourceProjects" time="21.725"/>
  <system-out/>
  <testcase classname="com.saucelab.qa.testcases.SolutionsTest" name="liveTesting" time="21.057"/>
  <system-out/>
  <testcase classname="com.saucelab.qa.testcases.SolutionsTest" name="automatedTesting" time="21.001"/>
  <system-out/>
</testsuite> <!-- com.saucelab.qa.testcases.SolutionsTest -->
