<?xml version="1.0" encoding="UTF-8"?>
<!-- Generated by org.testng.reporters.JUnitReportReporter -->
<testsuite hostname="DESKTOP-U5U852D" failures="0" tests="2" name="com.saucelab.qa.testcases.AfterSignInTest" time="50.147" errors="0" timestamp="2021-12-31T10:28:25 IST" skipped="0">
  <testcase classname="com.saucelab.qa.testcases.AfterSignInTest" name="helpASupportStatusPage" time="27.111"/>
  <system-out/>
  <testcase classname="com.saucelab.qa.testcases.AfterSignInTest" name="signOut" time="23.036"/>
  <system-out/>
</testsuite> <!-- com.saucelab.qa.testcases.AfterSignInTest -->
