<?xml version="1.0" encoding="UTF-8"?>
<!-- Generated by org.testng.reporters.JUnitReportReporter -->
<testsuite hostname="DESKTOP-U5U852D" failures="0" tests="1" name="Academy.TryItFreeTest" time="0.100" errors="0" timestamp="2021-12-02T14:28:36 IST" skipped="0">
  <testcase classname="Academy.TryItFreeTest" name="basepageNavigation" time="0.100"/>
  <system-out/>
</testsuite> <!-- Academy.TryItFreeTest -->
