<?xml version="1.0" encoding="UTF-8"?>
<!-- Generated by org.testng.reporters.JUnitReportReporter -->
<testsuite hostname="DESKTOP-U5U852D" failures="0" tests="1" name="Academy.HomePageTest" time="19.193" errors="0" timestamp="2021-11-24T18:52:00 IST" skipped="0">
  <testcase classname="Academy.HomePageTest" name="basepageNavigation" time="19.193"/>
  <system-out/>
</testsuite> <!-- Academy.HomePageTest -->
