<?xml version="1.0" encoding="UTF-8"?>
<!-- Generated by org.testng.reporters.JUnitReportReporter -->
<testsuite hostname="DESKTOP-U5U852D" failures="0" tests="1" name="Academy.ResourcesTest" time="5.213" errors="0" timestamp="2021-11-26T13:39:16 IST" skipped="0">
  <testcase classname="Academy.ResourcesTest" name="basepageNavigation" time="5.213"/>
  <system-out/>
</testsuite> <!-- Academy.ResourcesTest -->
