<?xml version="1.0" encoding="UTF-8"?>
<!-- Generated by org.testng.reporters.JUnitReportReporter -->
<testsuite hostname="DESKTOP-U5U852D" failures="0" tests="1" name="Academy.TryItFreeTest" time="6.712" errors="0" timestamp="2021-11-24T16:59:15 IST" skipped="0">
  <testcase classname="Academy.TryItFreeTest" name="basepageNavigation" time="6.712"/>
  <system-out/>
</testsuite> <!-- Academy.TryItFreeTest -->
