<?xml version="1.0" encoding="UTF-8"?>
<!-- Generated by org.testng.reporters.JUnitReportReporter -->
<testsuite hostname="DESKTOP-U5U852D" failures="0" tests="1" name="Academy.CompanyTest" time="29.274" errors="0" timestamp="2021-12-06T12:34:30 IST" skipped="0">
  <testcase classname="Academy.CompanyTest" name="basepageNavigation" time="29.274"/>
  <system-out/>
</testsuite> <!-- Academy.CompanyTest -->
