<?xml version="1.0" encoding="UTF-8"?>
<!-- Generated by org.testng.reporters.JUnitReportReporter -->
<testsuite hostname="DESKTOP-U5U852D" failures="0" tests="1" name="Academy.PlatformTest" time="9.388" errors="0" timestamp="2021-11-26T13:16:09 IST" skipped="0">
  <testcase classname="Academy.PlatformTest" name="basepageNavigation" time="9.388"/>
  <system-out/>
</testsuite> <!-- Academy.PlatformTest -->
