<?xml version="1.0" encoding="UTF-8"?>
<!-- Generated by org.testng.reporters.JUnitReportReporter -->
<testsuite hostname="DESKTOP-U5U852D" failures="0" tests="1" name="Academy.PricingTest" time="15.949" errors="0" timestamp="2021-12-07T13:08:02 IST" skipped="0">
  <testcase classname="Academy.PricingTest" name="basepageNavigation" time="15.949"/>
  <system-out/>
</testsuite> <!-- Academy.PricingTest -->
