<?xml version="1.0" encoding="UTF-8"?>
<!-- Generated by org.testng.reporters.JUnitReportReporter -->
<testsuite hostname="DESKTOP-U5U852D" failures="0" tests="1" name="Academy.HomePageTest" time="30.854" errors="0" timestamp="2021-12-07T10:03:22 IST" skipped="0">
  <testcase classname="Academy.HomePageTest" name="basepageNavigation" time="30.854"/>
  <system-out/>
</testsuite> <!-- Academy.HomePageTest -->
