<?xml version="1.0" encoding="UTF-8"?>
<!-- Generated by org.testng.reporters.JUnitReportReporter -->
<testsuite hostname="DESKTOP-U5U852D" failures="0" tests="1" name="Academy.SolutionsTest" time="8.808" errors="0" timestamp="2021-12-02T14:28:36 IST" skipped="0">
  <testcase classname="Academy.SolutionsTest" name="basepageNavigation" time="8.808"/>
  <system-out/>
</testsuite> <!-- Academy.SolutionsTest -->
