<?xml version="1.0" encoding="UTF-8"?>
<!-- Generated by org.testng.reporters.JUnitReportReporter -->
<testsuite hostname="DESKTOP-U5U852D" failures="0" tests="1" name="Academy.SolutionsTest" time="11.981" errors="0" timestamp="2021-11-24T16:59:15 IST" skipped="0">
  <testcase classname="Academy.SolutionsTest" name="basepageNavigation" time="11.981"/>
  <system-out/>
</testsuite> <!-- Academy.SolutionsTest -->
