<?xml version="1.0" encoding="UTF-8"?>
<!-- Generated by org.testng.reporters.JUnitReportReporter -->
<testsuite hostname="DESKTOP-U5U852D" failures="0" tests="1" name="Academy.ContactTest" time="43.564" errors="0" timestamp="2021-12-06T18:48:57 IST" skipped="0">
  <testcase classname="Academy.ContactTest" name="basepageNavigation" time="43.564"/>
  <system-out/>
</testsuite> <!-- Academy.ContactTest -->
