<?xml version="1.0" encoding="UTF-8"?>
<!-- Generated by org.testng.reporters.JUnitReportReporter -->
<testsuite hostname="DESKTOP-U5U852D" failures="0" tests="1" name="tests.Booking" time="38.132" errors="0" timestamp="3 Nov 2021 18:21:30 GMT">
  <testcase classname="tests.Booking" name="successfullyBooking" time="38.132"/>
</testsuite> <!-- tests.Booking -->
