<?xml version="1.0" encoding="UTF-8"?>
<!-- Generated by org.testng.reporters.JUnitReportReporter -->
<testsuite hostname="DESKTOP-U5U852D" failures="0" tests="1" name="tests1.CustomerSignIn" time="6.433" errors="0" timestamp="16 Nov 2021 07:37:44 GMT">
  <testcase classname="tests1.CustomerSignIn" name="successfullyLogin" time="6.433"/>
</testsuite> <!-- tests1.CustomerSignIn -->
