<?xml version="1.0" encoding="UTF-8"?>
<!-- Generated by org.testng.reporters.JUnitReportReporter -->
<testsuite hostname="DESKTOP-U5U852D" failures="0" tests="1" name="test.Day3" time="0.000" errors="0" timestamp="16 Nov 2021 11:33:46 GMT">
  <testcase classname="test.Day3" name="WebLoginCarLoan" time="0.000"/>
</testsuite> <!-- test.Day3 -->
