<?xml version="1.0" encoding="UTF-8"?>
<!-- Generated by org.testng.reporters.JUnitReportReporter -->
<testsuite hostname="DESKTOP-U5U852D" failures="0" tests="2" name="tests.CustomerSignUp" time="10.520" errors="0" timestamp="3 Nov 2021 18:21:30 GMT">
  <testcase classname="tests.CustomerSignUp" name="newSignUp" time="5.323"/>
  <testcase classname="tests.CustomerSignUp" name="existingSignUp" time="5.197"/>
</testsuite> <!-- tests.CustomerSignUp -->
