<?xml version="1.0" encoding="UTF-8"?>
<!-- Generated by org.testng.reporters.JUnitReportReporter -->
<testsuite hostname="DESKTOP-U5U852D" failures="0" tests="3" name="tests.CustomerSignIn" time="29.690" errors="0" timestamp="16 Nov 2021 07:20:50 GMT">
  <testcase classname="tests.CustomerSignIn" name="passwordVerification" time="11.278"/>
  <testcase classname="tests.CustomerSignIn" name="mobileNumberVerification" time="11.889"/>
  <testcase classname="tests.CustomerSignIn" name="successfullyLogin" time="6.523"/>
</testsuite> <!-- tests.CustomerSignIn -->
