<?xml version="1.0" encoding="UTF-8"?>
<!-- Generated by org.testng.reporters.JUnitReportReporter -->
<testsuite hostname="DESKTOP-U5U852D" failures="0" tests="2" name="test.Day4" time="0.001" errors="0" timestamp="16 Nov 2021 11:33:46 GMT">
  <testcase classname="test.Day4" name="WebLoginHomeLoan" time="0.000"/>
  <testcase classname="test.Day4" name="MobLoginHomeLoan" time="0.001"/>
</testsuite> <!-- test.Day4 -->
