<?xml version="1.0" encoding="UTF-8"?>
<!-- Generated by org.testng.reporters.JUnitReportReporter -->
<testsuite hostname="DESKTOP-U5U852D" failures="0" tests="2" name="test.Day2" time="0.003" errors="0" timestamp="16 Nov 2021 11:33:46 GMT">
  <testcase classname="test.Day2" name="p2loan" time="0.003"/>
  <testcase classname="test.Day2" name="ploan" time="0.000"/>
</testsuite> <!-- test.Day2 -->
