<?xml version="1.0" encoding="UTF-8"?>
<!-- Generated by org.testng.reporters.JUnitReportReporter -->
<testsuite hostname="DESKTOP-U5U852D" failures="0" tests="3" name="qaclickacademy.CustomerSignInTest" time="28.370" errors="0" timestamp="2021-11-17T17:52:21 IST" skipped="0">
  <testcase classname="qaclickacademy.CustomerSignInTest" name="passwordVerification" time="10.649"/>
  <system-out/>
  <testcase classname="qaclickacademy.CustomerSignInTest" name="mobileNumberVerification" time="11.878"/>
  <system-out/>
  <testcase classname="qaclickacademy.CustomerSignInTest" name="successfullyLogin" time="5.843"/>
  <system-out/>
</testsuite> <!-- qaclickacademy.CustomerSignInTest -->
