<?xml version="1.0" encoding="UTF-8"?>
<!-- Generated by org.testng.reporters.JUnitReportReporter -->
<testsuite hostname="DESKTOP-U5U852D" failures="0" tests="1" name="Academy.ValidateNavigationBar" time="10.133" errors="0" timestamp="2021-11-24T09:24:22 IST" skipped="0">
  <testcase classname="Academy.ValidateNavigationBar" name="basepageNavigation" time="10.133"/>
  <system-out/>
</testsuite> <!-- Academy.ValidateNavigationBar -->
