<?xml version="1.0" encoding="UTF-8"?>
<!-- Generated by org.testng.reporters.JUnitReportReporter -->
<testsuite hostname="DESKTOP-U5U852D" failures="0" tests="1" name="Academy.ValidateTitleTest" time="5.068" errors="0" timestamp="2021-11-24T09:24:22 IST" skipped="0">
  <testcase classname="Academy.ValidateTitleTest" name="basepageNavigation" time="5.068"/>
  <system-out/>
</testsuite> <!-- Academy.ValidateTitleTest -->
