<?xml version="1.0" encoding="UTF-8"?>
<!-- Generated by org.testng.reporters.JUnitReportReporter -->
<testsuite hostname="DESKTOP-U5U852D" failures="0" tests="2" name="Academy.HomePageTest" time="30.581" errors="0" timestamp="2021-11-24T10:05:57 IST" skipped="0">
  <testcase classname="Academy.HomePageTest" name="basepageNavigation" time="15.082"/>
  <system-out/>
  <testcase classname="Academy.HomePageTest" name="basepageNavigation" time="15.499"/>
  <system-out/>
</testsuite> <!-- Academy.HomePageTest -->
