<?xml version="1.0" encoding="UTF-8"?>
<!-- Generated by org.testng.reporters.JUnitReportReporter -->
<testsuite hostname="DESKTOP-U5U852D" failures="0" tests="1" name="facebook.TestBaseTest" time="3.641" errors="0" timestamp="2021-11-19T14:42:59 IST" skipped="0">
  <testcase classname="facebook.TestBaseTest" name="initialize" time="3.641"/>
  <system-out/>
</testsuite> <!-- facebook.TestBaseTest -->
