<?xml version="1.0" encoding="UTF-8"?>
<!-- Generated by org.testng.reporters.JUnitReportReporter -->
<testsuite hostname="DESKTOP-U5U852D" failures="0" tests="3" name="qaclickacademy.CustomerSignInTest" time="33.802" errors="0" timestamp="2021-11-17T16:57:47 IST" skipped="0">
  <testcase classname="qaclickacademy.CustomerSignInTest" name="successfullyLogin" time="6.953"/>
  <system-out/>
  <testcase classname="qaclickacademy.CustomerSignInTest" name="passwordVerification" time="11.838"/>
  <system-out/>
  <testcase classname="qaclickacademy.CustomerSignInTest" name="mobileNumberVerification" time="15.011"/>
  <system-out/>
</testsuite> <!-- qaclickacademy.CustomerSignInTest -->
